<?xml version="1.0" encoding="UTF-8"?>
<coverage generated="1575574191889" clover="3.2.0">
  <project timestamp="1575574191890" name="All files">
    <metrics statements="13" coveredstatements="6" conditionals="6" coveredconditionals="0" methods="1" coveredmethods="1" elements="20" coveredelements="7" complexity="0" loc="13" ncloc="13" packages="1" files="1" classes="1"/>
    <file name="array-binary-search.js" path="/Users/joelpatrickdurham/alchemy/career-track/week-01/data-structures-and-algorithms/challenges/arrayBinarySearch/array-binary-search.js">
      <metrics statements="13" coveredstatements="6" conditionals="6" coveredconditionals="0" methods="1" coveredmethods="1"/>
      <line num="2" count="1" type="stmt"/>
      <line num="3" count="1" type="stmt"/>
      <line num="4" count="1" type="stmt"/>
      <line num="6" count="1" type="stmt"/>
      <line num="7" count="0" type="cond" truecount="0" falsecount="2"/>
      <line num="8" count="0" type="stmt"/>
      <line num="9" count="0" type="cond" truecount="0" falsecount="2"/>
      <line num="10" count="0" type="stmt"/>
      <line num="12" count="0" type="cond" truecount="0" falsecount="2"/>
      <line num="13" count="0" type="stmt"/>
      <line num="15" count="0" type="stmt"/>
      <line num="18" count="1" type="stmt"/>
      <line num="21" count="1" type="stmt"/>
    </file>
  </project>
</coverage>
