{"/Users/joelpatrickdurham/alchemy/career-track/week-01/data-structures-and-algorithms/challenges/arrayShift/array-shift.js": {"path":"/Users/joelpatrickdurham/alchemy/career-track/week-01/data-structures-and-algorithms/challenges/arrayShift/array-shift.js","statementMap":{"0":{"start":{"line":2,"column":4},"end":{"line":2,"column":51}},"1":{"start":{"line":2,"column":27},"end":{"line":2,"column":51}},"2":{"start":{"line":4,"column":22},"end":{"line":4,"column":24}},"3":{"start":{"line":5,"column":12},"end":{"line":5,"column":13}},"4":{"start":{"line":6,"column":25},"end":{"line":6,"column":57}},"5":{"start":{"line":7,"column":4},"end":{"line":14,"column":5}},"6":{"start":{"line":7,"column":16},"end":{"line":7,"column":17}},"7":{"start":{"line":8,"column":8},"end":{"line":8,"column":34}},"8":{"start":{"line":9,"column":8},"end":{"line":9,"column":12}},"9":{"start":{"line":10,"column":8},"end":{"line":13,"column":9}},"10":{"start":{"line":11,"column":12},"end":{"line":11,"column":44}},"11":{"start":{"line":12,"column":12},"end":{"line":12,"column":16}},"12":{"start":{"line":15,"column":4},"end":{"line":15,"column":23}},"13":{"start":{"line":19,"column":4},"end":{"line":19,"column":54}},"14":{"start":{"line":19,"column":27},"end":{"line":19,"column":54}},"15":{"start":{"line":20,"column":26},"end":{"line":20,"column":57}},"16":{"start":{"line":21,"column":22},"end":{"line":21,"column":24}},"17":{"start":{"line":22,"column":12},"end":{"line":22,"column":13}},"18":{"start":{"line":24,"column":4},"end":{"line":29,"column":5}},"19":{"start":{"line":24,"column":16},"end":{"line":24,"column":17}},"20":{"start":{"line":25,"column":8},"end":{"line":28,"column":9}},"21":{"start":{"line":26,"column":12},"end":{"line":26,"column":38}},"22":{"start":{"line":27,"column":12},"end":{"line":27,"column":16}},"23":{"start":{"line":30,"column":4},"end":{"line":30,"column":23}},"24":{"start":{"line":34,"column":0},"end":{"line":37,"column":2}}},"fnMap":{"0":{"name":"insertShiftArray","decl":{"start":{"line":1,"column":9},"end":{"line":1,"column":25}},"loc":{"start":{"line":1,"column":49},"end":{"line":16,"column":1}},"line":1},"1":{"name":"removeMiddle","decl":{"start":{"line":18,"column":9},"end":{"line":18,"column":21}},"loc":{"start":{"line":18,"column":29},"end":{"line":32,"column":1}},"line":18}},"branchMap":{"0":{"loc":{"start":{"line":2,"column":4},"end":{"line":2,"column":51}},"type":"if","locations":[{"start":{"line":2,"column":4},"end":{"line":2,"column":51}},{"start":{"line":2,"column":4},"end":{"line":2,"column":51}}],"line":2},"1":{"loc":{"start":{"line":10,"column":8},"end":{"line":13,"column":9}},"type":"if","locations":[{"start":{"line":10,"column":8},"end":{"line":13,"column":9}},{"start":{"line":10,"column":8},"end":{"line":13,"column":9}}],"line":10},"2":{"loc":{"start":{"line":19,"column":4},"end":{"line":19,"column":54}},"type":"if","locations":[{"start":{"line":19,"column":4},"end":{"line":19,"column":54}},{"start":{"line":19,"column":4},"end":{"line":19,"column":54}}],"line":19},"3":{"loc":{"start":{"line":25,"column":8},"end":{"line":28,"column":9}},"type":"if","locations":[{"start":{"line":25,"column":8},"end":{"line":28,"column":9}},{"start":{"line":25,"column":8},"end":{"line":28,"column":9}}],"line":25}},"s":{"0":5,"1":1,"2":4,"3":4,"4":4,"5":4,"6":4,"7":12,"8":12,"9":12,"10":4,"11":4,"12":4,"13":5,"14":1,"15":4,"16":4,"17":4,"18":4,"19":4,"20":15,"21":11,"22":11,"23":4,"24":1},"f":{"0":5,"1":5},"b":{"0":[1,4],"1":[4,8],"2":[1,4],"3":[11,4]},"_coverageSchema":"43e27e138ebf9cfc5966b082cf9a028302ed4184","hash":"a32b301ebd1682400538dd3bbc4d8fafecdae142"}
}
