{"/Users/joelpatrickdurham/alchemy/career-track/week-01/data-structures-and-algorithms/challenges/multiBracketValidation/multiBracketValidation.js": {"path":"/Users/joelpatrickdurham/alchemy/career-track/week-01/data-structures-and-algorithms/challenges/multiBracketValidation/multiBracketValidation.js","statementMap":{"0":{"start":{"line":2,"column":16},"end":{"line":2,"column":32}},"1":{"start":{"line":3,"column":18},"end":{"line":3,"column":33}},"2":{"start":{"line":4,"column":18},"end":{"line":4,"column":33}},"3":{"start":{"line":5,"column":20},"end":{"line":5,"column":22}},"4":{"start":{"line":7,"column":4},"end":{"line":15,"column":5}},"5":{"start":{"line":7,"column":16},"end":{"line":7,"column":17}},"6":{"start":{"line":8,"column":8},"end":{"line":8,"column":64}},"7":{"start":{"line":8,"column":39},"end":{"line":8,"column":64}},"8":{"start":{"line":10,"column":8},"end":{"line":10,"column":69}},"9":{"start":{"line":10,"column":56},"end":{"line":10,"column":69}},"10":{"start":{"line":12,"column":8},"end":{"line":12,"column":69}},"11":{"start":{"line":12,"column":56},"end":{"line":12,"column":69}},"12":{"start":{"line":13,"column":8},"end":{"line":13,"column":69}},"13":{"start":{"line":13,"column":56},"end":{"line":13,"column":69}},"14":{"start":{"line":14,"column":8},"end":{"line":14,"column":69}},"15":{"start":{"line":14,"column":56},"end":{"line":14,"column":69}},"16":{"start":{"line":17,"column":4},"end":{"line":17,"column":42}},"17":{"start":{"line":17,"column":29},"end":{"line":17,"column":42}},"18":{"start":{"line":18,"column":4},"end":{"line":18,"column":16}},"19":{"start":{"line":21,"column":0},"end":{"line":23,"column":2}}},"fnMap":{"0":{"name":"multiBracketValidation","decl":{"start":{"line":1,"column":9},"end":{"line":1,"column":31}},"loc":{"start":{"line":1,"column":40},"end":{"line":19,"column":1}},"line":1}},"branchMap":{"0":{"loc":{"start":{"line":8,"column":8},"end":{"line":8,"column":64}},"type":"if","locations":[{"start":{"line":8,"column":8},"end":{"line":8,"column":64}},{"start":{"line":8,"column":8},"end":{"line":8,"column":64}}],"line":8},"1":{"loc":{"start":{"line":10,"column":8},"end":{"line":10,"column":69}},"type":"if","locations":[{"start":{"line":10,"column":8},"end":{"line":10,"column":69}},{"start":{"line":10,"column":8},"end":{"line":10,"column":69}}],"line":10},"2":{"loc":{"start":{"line":10,"column":11},"end":{"line":10,"column":54}},"type":"binary-expr","locations":[{"start":{"line":10,"column":11},"end":{"line":10,"column":37}},{"start":{"line":10,"column":41},"end":{"line":10,"column":54}}],"line":10},"3":{"loc":{"start":{"line":12,"column":8},"end":{"line":12,"column":69}},"type":"if","locations":[{"start":{"line":12,"column":8},"end":{"line":12,"column":69}},{"start":{"line":12,"column":8},"end":{"line":12,"column":69}}],"line":12},"4":{"loc":{"start":{"line":12,"column":11},"end":{"line":12,"column":54}},"type":"binary-expr","locations":[{"start":{"line":12,"column":11},"end":{"line":12,"column":27}},{"start":{"line":12,"column":31},"end":{"line":12,"column":54}}],"line":12},"5":{"loc":{"start":{"line":13,"column":8},"end":{"line":13,"column":69}},"type":"if","locations":[{"start":{"line":13,"column":8},"end":{"line":13,"column":69}},{"start":{"line":13,"column":8},"end":{"line":13,"column":69}}],"line":13},"6":{"loc":{"start":{"line":13,"column":11},"end":{"line":13,"column":54}},"type":"binary-expr","locations":[{"start":{"line":13,"column":11},"end":{"line":13,"column":27}},{"start":{"line":13,"column":31},"end":{"line":13,"column":54}}],"line":13},"7":{"loc":{"start":{"line":14,"column":8},"end":{"line":14,"column":69}},"type":"if","locations":[{"start":{"line":14,"column":8},"end":{"line":14,"column":69}},{"start":{"line":14,"column":8},"end":{"line":14,"column":69}}],"line":14},"8":{"loc":{"start":{"line":14,"column":11},"end":{"line":14,"column":54}},"type":"binary-expr","locations":[{"start":{"line":14,"column":11},"end":{"line":14,"column":27}},{"start":{"line":14,"column":31},"end":{"line":14,"column":54}}],"line":14},"9":{"loc":{"start":{"line":17,"column":4},"end":{"line":17,"column":42}},"type":"if","locations":[{"start":{"line":17,"column":4},"end":{"line":17,"column":42}},{"start":{"line":17,"column":4},"end":{"line":17,"column":42}}],"line":17}},"s":{"0":12,"1":12,"2":12,"3":12,"4":12,"5":12,"6":75,"7":25,"8":75,"9":0,"10":75,"11":0,"12":75,"13":1,"14":74,"15":3,"16":8,"17":1,"18":7,"19":1},"f":{"0":12},"b":{"0":[25,50],"1":[0,75],"2":[75,23],"3":[0,75],"4":[75,6],"5":[1,74],"6":[75,8],"7":[3,71],"8":[74,9],"9":[1,7]},"_coverageSchema":"43e27e138ebf9cfc5966b082cf9a028302ed4184","hash":"3857467cbd8ebdfdc51e0da31e5170daa684974c"}
}
