TN:
SF:/Users/joelpatrickdurham/alchemy/career-track/week-01/data-structures-and-algorithms/challenges/pseudo-queue/pseudo-queue.js
FN:2,(anonymous_0)
FN:9,(anonymous_1)
FN:13,(anonymous_2)
FN:18,(anonymous_3)
FN:26,(anonymous_4)
FN:31,(anonymous_5)
FN:51,(anonymous_6)
FN:63,(anonymous_7)
FN:68,(anonymous_8)
FN:81,(anonymous_9)
FNF:10
FNH:9
FNDA:12,(anonymous_0)
FNDA:3,(anonymous_1)
FNDA:11,(anonymous_2)
FNDA:6,(anonymous_3)
FNDA:1,(anonymous_4)
FNDA:0,(anonymous_5)
FNDA:1,(anonymous_6)
FNDA:4,(anonymous_7)
FNDA:1,(anonymous_8)
FNDA:2,(anonymous_9)
DA:3,12
DA:4,12
DA:10,3
DA:14,11
DA:15,11
DA:19,6
DA:21,6
DA:22,6
DA:23,6
DA:27,1
DA:28,1
DA:32,0
DA:52,1
DA:53,1
DA:64,4
DA:65,4
DA:69,1
DA:70,1
DA:82,2
DA:83,2
DA:84,2
DA:86,2
DA:87,4
DA:88,4
DA:89,4
DA:92,2
DA:94,2
DA:95,2
DA:96,7
DA:97,7
DA:99,2
DA:100,2
DA:105,1
LF:33
LH:32
BRDA:2,0,0,1
BRDA:19,1,0,0
BRDA:19,1,1,6
BRDA:27,2,0,0
BRDA:27,2,1,1
BRF:5
BRH:3
end_of_record
