TN:
SF:/Users/joelpatrickdurham/alchemy/career-track/week-01/data-structures-and-algorithms/challenges/tree/tree.js
FN:2,(anonymous_0)
FN:10,(anonymous_1)
FN:15,(anonymous_2)
FN:41,(anonymous_3)
FN:51,(anonymous_4)
FN:59,(anonymous_5)
FN:66,(anonymous_6)
FN:73,(anonymous_7)
FN:80,(anonymous_8)
FNF:9
FNH:9
FNDA:16,(anonymous_0)
FNDA:2,(anonymous_1)
FNDA:16,(anonymous_2)
FNDA:10,(anonymous_3)
FNDA:21,(anonymous_4)
FNDA:1,(anonymous_5)
FNDA:1,(anonymous_6)
FNDA:1,(anonymous_7)
FNDA:1,(anonymous_8)
DA:3,16
DA:4,16
DA:5,16
DA:11,2
DA:12,2
DA:16,16
DA:17,16
DA:18,16
DA:19,2
DA:21,14
DA:22,14
DA:23,30
DA:24,18
DA:25,8
DA:26,8
DA:28,10
DA:30,12
DA:31,6
DA:32,6
DA:34,6
DA:38,16
DA:42,10
DA:43,10
DA:44,29
DA:45,22
DA:46,6
DA:48,3
DA:52,21
DA:53,21
DA:54,21
DA:55,21
DA:56,21
DA:60,1
DA:61,1
DA:62,1
DA:63,1
DA:67,1
DA:68,1
DA:69,1
DA:70,1
DA:74,1
DA:75,1
DA:76,1
DA:77,1
DA:81,1
DA:82,1
DA:83,1
DA:85,1
DA:86,9
DA:87,9
DA:88,9
DA:89,9
DA:91,1
DA:96,1
LF:54
LH:54
BRDA:18,0,0,2
BRDA:18,0,1,14
BRDA:23,1,0,18
BRDA:23,1,1,12
BRDA:24,2,0,8
BRDA:24,2,1,10
BRDA:30,3,0,6
BRDA:30,3,1,6
BRDA:44,4,0,7
BRDA:44,4,1,22
BRDA:45,5,0,16
BRDA:45,5,1,6
BRDA:46,6,0,6
BRDA:46,6,1,0
BRDA:52,7,0,7
BRDA:52,7,1,14
BRDA:53,8,0,12
BRDA:53,8,1,9
BRDA:54,9,0,7
BRDA:54,9,1,14
BRDA:55,10,0,6
BRDA:55,10,1,15
BRDA:56,11,0,7
BRDA:56,11,1,14
BRDA:87,12,0,4
BRDA:87,12,1,5
BRDA:88,13,0,4
BRDA:88,13,1,5
BRF:28
BRH:27
end_of_record
